Starting Build Part 1...

 Volume in drive C is C_DRIVE
 Volume Serial Number is 0000-1234
 Directory of C:\SRC\TANDY16

BLKWHITE ASM              2,823 04/19/1991  1:39a
CHARWDTH ASM              5,176 11/25/2025  5:15p
CHKSTK   ASM              7,610 12/02/2025 12:36p
COLOR    ASM              2,807 04/19/1991  1:39a
COLORINF ASM              4,393 12/05/2025 11:17a
CONTROL  ASM              5,191 12/02/2025 12:08p
CURSOR   ASM             12,439 12/05/2025 11:19a
CURSORS  ASM             33,790 12/05/2025  2:57a
DISABLE  ASM              2,954 12/05/2025 11:17a
DITHER   ASM              9,175 11/25/2025  5:15p
ENABLE   ASM              8,510 12/05/2025 11:24a
FB       ASM             11,333 12/05/2025  2:54a
INQUIRE  ASM              2,212 12/02/2025 12:12p
SETMODE  ASM              2,089 12/05/2025 11:17a
SSWITCH  ASM             23,138 12/05/2025 11:22a
STUBS    ASM              2,162 12/05/2025 10:33a
TANDY    ASM              4,474 12/05/2025 11:24a
TGAVID   ASM              3,642 09/11/2025  0:06a
   18 File(s)           143,918 Bytes
    0 Dir(s)    106,360,295,424 Bytes free
Assembling Part 1...
Microsoft (R) Macro Assembler Version 5.10 
Copyright (C) Microsoft Corp 1981, 1988.  All rights reserved.

cMacros Version 1.04 
! Small Model 
! Windows Support 
! PLM calling convention 

   2680 Source  Lines
   2972 Total   Lines
    455 Symbols

  48172 + 348387 Bytes symbol space free

      0 Warning Errors
      0 Severe  Errors
Microsoft (R) Macro Assembler Version 5.10 
Copyright (C) Microsoft Corp 1981, 1988.  All rights reserved.

cMacros Version 1.04 
! Small Model 
! Windows Support 
! PLM calling convention 

   2227 Source  Lines
   5302 Total   Lines
    334 Symbols

  48768 + 348833 Bytes symbol space free

      0 Warning Errors
      0 Severe  Errors
Microsoft (R) Macro Assembler Version 5.10 
Copyright (C) Microsoft Corp 1981, 1988.  All rights reserved.

cMacros Version 1.04 
! Small Model 

   1913 Source  Lines
   2291 Total   Lines
    258 Symbols

  49002 + 366259 Bytes symbol space free

      0 Warning Errors
      0 Severe  Errors
Microsoft (R) Macro Assembler Version 5.10 
Copyright (C) Microsoft Corp 1981, 1988.  All rights reserved.

cMacros Version 1.04 
! Small Model 
! Windows Support 
! PLM calling convention 
<cBegin - possible invalid use of nogen> 
<cEnd - possible invalid use of nogen> 
<cBegin - possible invalid use of nogen> 
<cEnd - possible invalid use of nogen> 

   1031 Source  Lines
   1558 Total   Lines
    199 Symbols

  49240 + 380126 Bytes symbol space free

      0 Warning Errors
      0 Severe  Errors
Starting Build Part 2...
Assembling Part 2...
Microsoft (R) Macro Assembler Version 5.10 
Copyright (C) Microsoft Corp 1981, 1988.  All rights reserved.

cMacros Version 1.04 
! Small Model 
! Windows Support 
! PLM calling convention 

   1051 Source  Lines
   1596 Total   Lines
    196 Symbols

  49292 + 380074 Bytes symbol space free

      0 Warning Errors
      0 Severe  Errors
Microsoft (R) Macro Assembler Version 5.10 
Copyright (C) Microsoft Corp 1981, 1988.  All rights reserved.


    101 Source  Lines
    166 Total   Lines
     44 Symbols

  49330 + 414858 Bytes symbol space free

      0 Warning Errors
      0 Severe  Errors
Microsoft (R) Macro Assembler Version 5.10 
Copyright (C) Microsoft Corp 1981, 1988.  All rights reserved.


    101 Source  Lines
    166 Total   Lines
     44 Symbols

  49308 + 412830 Bytes symbol space free

      0 Warning Errors
      0 Severe  Errors
Microsoft (R) Macro Assembler Version 5.10 
Copyright (C) Microsoft Corp 1981, 1988.  All rights reserved.

cMacros Version 1.04 
! Small Model 

   1247 Source  Lines
   1516 Total   Lines
    193 Symbols

  49412 + 373809 Bytes symbol space free

      0 Warning Errors
      0 Severe  Errors
Microsoft (R) Macro Assembler Version 5.10 
Copyright (C) Microsoft Corp 1981, 1988.  All rights reserved.

cMacros Version 1.04 
! Small Model 
! Windows Support 
! PLM calling convention 

   3248 Source  Lines
   3619 Total   Lines
    328 Symbols

  47950 + 354755 Bytes symbol space free

      0 Warning Errors
      0 Severe  Errors
Starting Build Part 3...
Assembling Part 3...
Microsoft (R) Macro Assembler Version 5.10 
Copyright (C) Microsoft Corp 1981, 1988.  All rights reserved.

cMacros Version 1.04 
! Small Model 
<cBegin - possible invalid use of nogen> 
<cEnd - possible invalid use of nogen> 
<cBegin - possible invalid use of nogen> 
<cEnd - possible invalid use of nogen> 
<cBegin - possible invalid use of nogen> 
<cEnd - possible invalid use of nogen> 
<cBegin - possible invalid use of nogen> 
<cEnd - possible invalid use of nogen> 

   3134 Source  Lines
   4601 Total   Lines
    393 Symbols

  47984 + 348572 Bytes symbol space free

      0 Warning Errors
      0 Severe  Errors
Microsoft (R) Macro Assembler Version 5.10 
Copyright (C) Microsoft Corp 1981, 1988.  All rights reserved.

cMacros Version 1.04 
! Small Model 
! Windows Support 
! PLM calling convention 

   3572 Source  Lines
   5168 Total   Lines
    369 Symbols

  47564 + 345921 Bytes symbol space free

      0 Warning Errors
      0 Severe  Errors
Microsoft (R) Macro Assembler Version 5.10 
Copyright (C) Microsoft Corp 1981, 1988.  All rights reserved.

cMacros Version 1.04 
! Small Model 

   3164 Source  Lines
   3805 Total   Lines
    333 Symbols

  48178 + 353755 Bytes symbol space free

      0 Warning Errors
      0 Severe  Errors
Microsoft (R) Macro Assembler Version 5.10 
Copyright (C) Microsoft Corp 1981, 1988.  All rights reserved.

cMacros Version 1.04 
! Small Model 

   1316 Source  Lines
   1310 Total   Lines
    178 Symbols

  49468 + 376810 Bytes symbol space free

      0 Warning Errors
      0 Severe  Errors
Starting Build Part 4...
Assembling Part 4...
Microsoft (R) Macro Assembler Version 5.10 
Copyright (C) Microsoft Corp 1981, 1988.  All rights reserved.

cMacros Version 1.04 
! Small Model 

   1316 Source  Lines
   1310 Total   Lines
    178 Symbols

  49468 + 378857 Bytes symbol space free

      0 Warning Errors
      0 Severe  Errors
Microsoft (R) Macro Assembler Version 5.10 
Copyright (C) Microsoft Corp 1981, 1988.  All rights reserved.

cMacros Version 1.04 
! Small Model 
! Windows Support 
! PLM calling convention 
sswitch.asm(732): warning A4057: Illegal size for operand
sswitch.asm(739): warning A4057: Illegal size for operand

   2526 Source  Lines
   5319 Total   Lines
    346 Symbols

  48552 + 353142 Bytes symbol space free

      2 Warning Errors
      0 Severe  Errors
Microsoft (R) Macro Assembler Version 5.10 
Copyright (C) Microsoft Corp 1981, 1988.  All rights reserved.


   2548 Source  Lines
   2280 Total   Lines
   1793 Symbols

  48790 + 300139 Bytes symbol space free

      0 Warning Errors
      0 Severe  Errors
Microsoft (R) Macro Assembler Version 5.10 
Copyright (C) Microsoft Corp 1981, 1988.  All rights reserved.

cMacros Version 1.04 
! Small Model 
! Windows Support 
! PLM calling convention 

   1649 Source  Lines
   4109 Total   Lines
    275 Symbols

  48768 + 352933 Bytes symbol space free

      0 Warning Errors
      0 Severe  Errors
Microsoft (R) Macro Assembler Version 5.10 
Copyright (C) Microsoft Corp 1981, 1988.  All rights reserved.

cMacros Version 1.04 
! Small Model 
! Windows Support 
! PLM calling convention 

   2505 Source  Lines
   3685 Total   Lines
    420 Symbols

  48162 + 344304 Bytes symbol space free

      0 Warning Errors
      0 Severe  Errors
Microsoft (R) Macro Assembler Version 5.10 
Copyright (C) Microsoft Corp 1981, 1988.  All rights reserved.

cMacros Version 1.04 
! Small Model 
! Windows Support 
! PLM calling convention 

   1008 Source  Lines
   1954 Total   Lines
    188 Symbols

  49384 + 382030 Bytes symbol space free

      0 Warning Errors
      0 Severe  Errors
Starting Build Part 5 (Linking)...
Linking...

Microsoft (R) Segmented-Executable Linker  Version 5.01.17
Copyright (C) Microsoft Corp 1984-1988.  All rights reserved.

Object Modules [.OBJ]: INQUIRE.OBJ+
Object Modules [.OBJ]: SETMODE.OBJ+
Object Modules [.OBJ]: DISABLE.OBJ+
Object Modules [.OBJ]: COLOR.OBJ+
Object Modules [.OBJ]: CHKSTK.OBJ+
Object Modules [.OBJ]: COLORINF.OBJ+
Object Modules [.OBJ]: CURSORS.OBJ+
Object Modules [.OBJ]: CONTROL.OBJ+
Object Modules [.OBJ]: FB.OBJ+
Object Modules [.OBJ]: CHARWDTH.OBJ+
Object Modules [.OBJ]: LODITHER.OBJ+
Object Modules [.OBJ]: SSWITCH.OBJ+
Object Modules [.OBJ]: TGAVID.OBJ+
Object Modules [.OBJ]: CURSOR.OBJ+
Object Modules [.OBJ]: ENABLE.OBJ+
Object Modules [.OBJ]: STUBS.OBJ+
Object Modules [.OBJ]: TANDY.OBJ
Run File [INQUIRE.EXE]: TANDY16.DRV
List File [NUL.MAP]: TANDY16.MAP
Libraries [.LIB]: LIBW.LIB KERNEL.LIB, TANDY16.DEF
SSWITCH.OBJ(sswitch.asm) : warning L4001: frame-relative fixup, frame ignored near 0052 in segment _SSWITCH
 pos: 480 Record type: 70BA
 target external 'cstods'
SSWITCH.OBJ(sswitch.asm) : warning L4001: frame-relative fixup, frame ignored near 006B in segment _INIT
 pos: 69F Record type: 70BA
 frm seg _TEXT_SEG, tgt seg _SSWITCH, q£G'¡• 8274115
CURSOR.OBJ(cursor.asm) : warning L4001: frame-relative fixup, frame ignored near 003F in segment _TEXT_SEG
 pos: 4FE Record type: 70BA
 target external 'TGA_SetMode'
Build Successful!
