Logging: opened logfile 'dosbox-x.log' successfully. All further logging will go to this file.
Win32 EnumDisplayDevices #0: name=\\.\DISPLAY81 string=Microsoft Remote Display Adapter
Win32 EnumDisplayDevices #1: name=\\.\DISPLAY82 string=Microsoft Remote Display Adapter
Win32 EnumDisplayDevices #2: name=\\.\DISPLAY83 string=Microsoft Remote Display Adapter
Win32 EnumDisplayDevices #3: name=\\.\DISPLAY84 string=Microsoft Remote Display Adapter
Win32 EnumDisplayDevices #4: name=\\.\DISPLAY85 string=Microsoft Remote Display Adapter
Win32 EnumDisplayDevices #5: name=\\.\DISPLAY86 string=Microsoft Remote Display Adapter
Win32 EnumDisplayDevices #6: name=\\.\DISPLAY87 string=Microsoft Remote Display Adapter
Win32 EnumDisplayDevices #7: name=\\.\DISPLAY88 string=Microsoft Remote Display Adapter
Win32 EnumDisplayDevices #8: name=\\.\DISPLAY89 string=Microsoft Remote Display Adapter
Win32 EnumDisplayDevices #9: name=\\.\DISPLAY90 string=Microsoft Remote Display Adapter
Win32 EnumDisplayDevices #10: name=\\.\DISPLAY91 string=Microsoft Remote Display Adapter
Win32 EnumDisplayDevices #11: name=\\.\DISPLAY92 string=Microsoft Remote Display Adapter
Win32 EnumDisplayDevices #12: name=\\.\DISPLAY93 string=Microsoft Remote Display Adapter
Win32 EnumDisplayDevices #13: name=\\.\DISPLAY94 string=Microsoft Remote Display Adapter
Win32 EnumDisplayDevices #14: name=\\.\DISPLAY95 string=Microsoft Remote Display Adapter
Win32 EnumDisplayDevices #15: name=\\.\DISPLAY96 string=Microsoft Remote Display Adapter
DOSBox-X version 2025.12.01 Commit 10a5ce7 (Visual Studio SDL1 64-bit)
Prevent capture: 0
Windows keyboard layout ID is 0x0409
Host keyboard layout is now us (US English)
Mapper keyboard layout is now us (US English)
The default output for the video system: direct3d
Configured windowposition: -
Error: Unable to initialize DirectX9!
Unable to initialize DirectX
Screen report: Method 'Win98base' (1920.000 x 1080.000 pixels) at (0.000 x 0.000) (508.000 x 285.750 mm) (20.000 x 11.250 in) (96.000 x 96.000 DPI)
SDL_mapper: US keyboard detected, set usescancodes=false
WARNING: DOS/V is only supported for VGA video cards.
ISA BCLK: 8333333.333Hz (25000000/3)
monopal: green, 
Active save slot: 1 [Empty]
USING AVI+ZMBV
Max 1073741824 sz 8192
Final 8192
Final arrangement: Below 4GB = 8192KB, Above 4GB = 0KB
MIDI:Opened device:win32
One joystick reported, initializing with 4axis
Using joystick XInput Controller 0 with 6 axes, 10 buttons and 1 hat(s)
VOODOO LFB now at d0000000
Serial1: BASE 3f8h
Serial2: BASE 2f8h
Parallel1: BASE 378h
MPU-401 Registering I/O ports as if IBM PC MPU-401 at base 330h
Memory I/O complexity optimization enabled aka option 'memory io optimization 1'. If the game or demo is unable to draw to the screen properly, set the option to false.
The 'scanline render on demand' option is available and may provide a modest boost in video render performance if set to true.
Allocated APM BIOS pm entry point at f000:ce40
Writing code to fce40
Writing code to fce60
Windows: IID_ITaskbarList3 is available
ISA Plug & Play BIOS enabled
pixratio 1.200, dw false, dh true
Aspect ratio: 640 x 480  xToY=1.333 yToX=0.750
surface consider=640x400 final=640x400
surface consider=640x400 final=640x400
WARNING: No translation support (to host) for code page 0
DOS keyboard layout loaded with main language code US for layout us
XMS: 50 handles allocated for use by the DOS environment
EMS page frame at 0xe000-0xefff
COMMAND.COM env size:             720 bytes
COMMAND.COM environment block:    0x0701 sz=0x002d
COMMAND.COM main body (PSP):      0x072f sz=0x009a
COMMAND.COM stack:                0x0749
SHELL:Redirect output to ..\..\BUILD.LOG
SHELL:Redirect output to ..\..\BUILD.LOG
SHELL:Redirect output to ..\..\BUILD.LOG
SHELL:Redirect output to ..\..\BUILD.LOG
--END OF LOG--
