Linking...

Microsoft (R) Overlay Linker  Version 3.64   
Copyright (C) Microsoft Corp 1983-1988.  All rights reserved.

Object Modules [.OBJ]: INQUIRE.OBJ+
Object Modules [.OBJ]: SETMODE.OBJ+
Object Modules [.OBJ]: DISABLE.OBJ+
Object Modules [.OBJ]: COLOR.OBJ+
Object Modules [.OBJ]: CHKSTK.OBJ+
Object Modules [.OBJ]: CURSORS.OBJ+
Object Modules [.OBJ]: CONTROL.OBJ+
Object Modules [.OBJ]: FB.OBJ+
Object Modules [.OBJ]: CHARWDTH.OBJ+
Object Modules [.OBJ]: LODITHER.OBJ+
Object Modules [.OBJ]: SSWITCH.OBJ+
Object Modules [.OBJ]: TGAVID.OBJ+
Object Modules [.OBJ]: CURSOR.OBJ+
Object Modules [.OBJ]: ENABLE.OBJ+
Object Modules [.OBJ]: TANDY.OBJ
Run File [INQUIRE.EXE]: TANDY16.DRV
List File [NUL.MAP]: TANDY16.MAP
Libraries [.LIB]: LIBW.LIB KERNEL.LIB
LINK : warning L4021: no stack segment

LINK : error L2029: Unresolved externals:



AllocCSToDSAlias in file(s):
 ENABLE.OBJ(enable.asm) SSWITCH.OBJ(sswitch.asm)
GetModuleHandle in file(s):
 SSWITCH.OBJ(sswitch.asm)
ScreenSwitchEnable in file(s):
 SSWITCH.OBJ(sswitch.asm)
GetProcAddress in file(s):
 SSWITCH.OBJ(sswitch.asm)
FreeSelector in file(s):
 ENABLE.OBJ(enable.asm) SSWITCH.OBJ(sswitch.asm)
_TGA_SetMode in file(s):
 CURSOR.OBJ(cursor.asm)

There were 6 errors detected
